{"meta": {"format": 3, "version": "7.13.5", "timestamp": "2026-04-02T22:50:00.950823", "branch_coverage": false, "show_contexts": false}, "files": {"core\\__init__.py": {"executed_lines": [], "summary": {"covered_lines": 0, "num_statements": 0, "percent_covered": 100.0, "percent_covered_display": "100", "missing_lines": 0, "excluded_lines": 0, "percent_statements_covered": 100.0, "percent_statements_covered_display": "100"}, "missing_lines": [], "excluded_lines": [], "functions": {"": {"executed_lines": [], "summary": {"covered_lines": 0, "num_statements": 0, "percent_covered": 100.0, "percent_covered_display": "100", "missing_lines": 0, "excluded_lines": 0, "percent_statements_covered": 100.0, "percent_statements_covered_display": "100"}, "missing_lines": [], "excluded_lines": [], "start_line": 1}}, "classes": {"": {"executed_lines": [], "summary": {"covered_lines": 0, "num_statements": 0, "percent_covered": 100.0, "percent_covered_display": "100", "missing_lines": 0, "excluded_lines": 0, "percent_statements_covered": 100.0, "percent_statements_covered_display": "100"}, "missing_lines": [], "excluded_lines": [], "start_line": 1}}}, "core\\config_loader.py": {"executed_lines": [4, 5, 6, 7, 8, 9, 10, 11, 14, 16, 17, 19, 20, 23, 24, 25, 26, 29, 32, 33, 34, 38, 39, 40, 41, 42, 44, 45, 46, 48, 49, 51, 52, 53, 54, 56, 59, 61, 64, 65, 66, 67, 70, 71, 74, 76, 79, 84, 85, 86, 87, 93, 95, 97, 98, 100, 101, 102, 104, 105, 106, 107, 108, 110, 111, 113, 114, 115, 116, 117, 119, 120, 121, 122, 124, 125, 126, 127, 129, 132, 134, 135, 136, 139, 141, 143, 144, 145, 146], "summary": {"covered_lines": 89, "num_statements": 94, "percent_covered": 94.68085106382979, "percent_covered_display": "95", "missing_lines": 5, "excluded_lines": 0, "percent_statements_covered": 94.68085106382979, "percent_statements_covered_display": "95"}, "missing_lines": [35, 88, 89, 90, 147], "excluded_lines": [], "functions": {"load_config": {"executed_lines": [16, 17, 19, 20, 23, 24, 25, 26, 29, 32, 33, 34, 38, 39, 40, 41, 42, 44, 45, 46, 48, 49, 51, 52, 53, 54, 56], "summary": {"covered_lines": 27, "num_statements": 28, "percent_covered": 96.42857142857143, "percent_covered_display": "96", "missing_lines": 1, "excluded_lines": 0, "percent_statements_covered": 96.42857142857143, "percent_statements_covered_display": "96"}, "missing_lines": [35], "excluded_lines": [], "start_line": 14}, "_load_keywords": {"executed_lines": [61, 64, 65, 66, 67, 70, 71, 74, 76], "summary": {"covered_lines": 9, "num_statements": 9, "percent_covered": 100.0, "percent_covered_display": "100", "missing_lines": 0, "excluded_lines": 0, "percent_statements_covered": 100.0, "percent_statements_covered_display": "100"}, "missing_lines": [], "excluded_lines": [], "start_line": 59}, "_parse_keyword_csv": {"executed_lines": [84, 85, 86, 87], "summary": {"covered_lines": 4, "num_statements": 7, "percent_covered": 57.142857142857146, "percent_covered_display": "57", "missing_lines": 3, "excluded_lines": 0, "percent_statements_covered": 57.142857142857146, "percent_statements_covered_display": "57"}, "missing_lines": [88, 89, 90], "excluded_lines": [], "start_line": 79}, "_parse_csv_content": {"executed_lines": [95, 97, 98, 100, 101, 102, 104, 105, 106, 107, 108, 110, 111, 113, 114, 115, 116, 117, 119, 120, 121, 122, 124, 125, 126, 127, 129], "summary": {"covered_lines": 27, "num_statements": 27, "percent_covered": 100.0, "percent_covered_display": "100", "missing_lines": 0, "excluded_lines": 0, "percent_statements_covered": 100.0, "percent_statements_covered_display": "100"}, "missing_lines": [], "excluded_lines": [], "start_line": 93}, "get_whatsapp_link": {"executed_lines": [134, 135, 136], "summary": {"covered_lines": 3, "num_statements": 3, "percent_covered": 100.0, "percent_covered_display": "100", "missing_lines": 0, "excluded_lines": 0, "percent_statements_covered": 100.0, "percent_statements_covered_display": "100"}, "missing_lines": [], "excluded_lines": [], "start_line": 132}, "get_phone_display": {"executed_lines": [141, 143, 144, 145, 146], "summary": {"covered_lines": 5, "num_statements": 6, "percent_covered": 83.33333333333333, "percent_covered_display": "83", "missing_lines": 1, "excluded_lines": 0, "percent_statements_covered": 83.33333333333333, "percent_statements_covered_display": "83"}, "missing_lines": [147], "excluded_lines": [], "start_line": 139}, "": {"executed_lines": [4, 5, 6, 7, 8, 9, 10, 11, 14, 59, 79, 93, 132, 139], "summary": {"covered_lines": 14, "num_statements": 14, "percent_covered": 100.0, "percent_covered_display": "100", "missing_lines": 0, "excluded_lines": 0, "percent_statements_covered": 100.0, "percent_statements_covered_display": "100"}, "missing_lines": [], "excluded_lines": [], "start_line": 1}}, "classes": {"": {"executed_lines": [4, 5, 6, 7, 8, 9, 10, 11, 14, 16, 17, 19, 20, 23, 24, 25, 26, 29, 32, 33, 34, 38, 39, 40, 41, 42, 44, 45, 46, 48, 49, 51, 52, 53, 54, 56, 59, 61, 64, 65, 66, 67, 70, 71, 74, 76, 79, 84, 85, 86, 87, 93, 95, 97, 98, 100, 101, 102, 104, 105, 106, 107, 108, 110, 111, 113, 114, 115, 116, 117, 119, 120, 121, 122, 124, 125, 126, 127, 129, 132, 134, 135, 136, 139, 141, 143, 144, 145, 146], "summary": {"covered_lines": 89, "num_statements": 94, "percent_covered": 94.68085106382979, "percent_covered_display": "95", "missing_lines": 5, "excluded_lines": 0, "percent_statements_covered": 94.68085106382979, "percent_statements_covered_display": "95"}, "missing_lines": [35, 88, 89, 90, 147], "excluded_lines": [], "start_line": 1}}}, "core\\exceptions.py": {"executed_lines": [13, 17, 21, 25, 29], "summary": {"covered_lines": 5, "num_statements": 5, "percent_covered": 100.0, "percent_covered_display": "100", "missing_lines": 0, "excluded_lines": 0, "percent_statements_covered": 100.0, "percent_statements_covered_display": "100"}, "missing_lines": [], "excluded_lines": [], "functions": {"": {"executed_lines": [13, 17, 21, 25, 29], "summary": {"covered_lines": 5, "num_statements": 5, "percent_covered": 100.0, "percent_covered_display": "100", "missing_lines": 0, "excluded_lines": 0, "percent_statements_covered": 100.0, "percent_statements_covered_display": "100"}, "missing_lines": [], "excluded_lines": [], "start_line": 1}}, "classes": {"SiteGenError": {"executed_lines": [], "summary": {"covered_lines": 0, "num_statements": 0, "percent_covered": 100.0, "percent_covered_display": "100", "missing_lines": 0, "excluded_lines": 0, "percent_statements_covered": 100.0, "percent_statements_covered_display": "100"}, "missing_lines": [], "excluded_lines": [], "start_line": 13}, "ConfigError": {"executed_lines": [], "summary": {"covered_lines": 0, "num_statements": 0, "percent_covered": 100.0, "percent_covered_display": "100", "missing_lines": 0, "excluded_lines": 0, "percent_statements_covered": 100.0, "percent_statements_covered_display": "100"}, "missing_lines": [], "excluded_lines": [], "start_line": 17}, "APIError": {"executed_lines": [], "summary": {"covered_lines": 0, "num_statements": 0, "percent_covered": 100.0, "percent_covered_display": "100", "missing_lines": 0, "excluded_lines": 0, "percent_statements_covered": 100.0, "percent_statements_covered_display": "100"}, "missing_lines": [], "excluded_lines": [], "start_line": 21}, "TemplateError": {"executed_lines": [], "summary": {"covered_lines": 0, "num_statements": 0, "percent_covered": 100.0, "percent_covered_display": "100", "missing_lines": 0, "excluded_lines": 0, "percent_statements_covered": 100.0, "percent_statements_covered_display": "100"}, "missing_lines": [], "excluded_lines": [], "start_line": 25}, "ValidationError": {"executed_lines": [], "summary": {"covered_lines": 0, "num_statements": 0, "percent_covered": 100.0, "percent_covered_display": "100", "missing_lines": 0, "excluded_lines": 0, "percent_statements_covered": 100.0, "percent_statements_covered_display": "100"}, "missing_lines": [], "excluded_lines": [], "start_line": 29}, "": {"executed_lines": [13, 17, 21, 25, 29], "summary": {"covered_lines": 5, "num_statements": 5, "percent_covered": 100.0, "percent_covered_display": "100", "missing_lines": 0, "excluded_lines": 0, "percent_statements_covered": 100.0, "percent_statements_covered_display": "100"}, "missing_lines": [], "excluded_lines": [], "start_line": 1}}}, "core\\logger.py": {"executed_lines": [7, 8, 11, 12, 13, 14, 15, 19, 20, 21, 22], "summary": {"covered_lines": 11, "num_statements": 11, "percent_covered": 100.0, "percent_covered_display": "100", "missing_lines": 0, "excluded_lines": 0, "percent_statements_covered": 100.0, "percent_statements_covered_display": "100"}, "missing_lines": [], "excluded_lines": [], "functions": {"get_logger": {"executed_lines": [12, 13, 14, 15, 19, 20, 21, 22], "summary": {"covered_lines": 8, "num_statements": 8, "percent_covered": 100.0, "percent_covered_display": "100", "missing_lines": 0, "excluded_lines": 0, "percent_statements_covered": 100.0, "percent_statements_covered_display": "100"}, "missing_lines": [], "excluded_lines": [], "start_line": 11}, "": {"executed_lines": [7, 8, 11], "summary": {"covered_lines": 3, "num_statements": 3, "percent_covered": 100.0, "percent_covered_display": "100", "missing_lines": 0, "excluded_lines": 0, "percent_statements_covered": 100.0, "percent_statements_covered_display": "100"}, "missing_lines": [], "excluded_lines": [], "start_line": 1}}, "classes": {"": {"executed_lines": [7, 8, 11, 12, 13, 14, 15, 19, 20, 21, 22], "summary": {"covered_lines": 11, "num_statements": 11, "percent_covered": 100.0, "percent_covered_display": "100", "missing_lines": 0, "excluded_lines": 0, "percent_statements_covered": 100.0, "percent_statements_covered_display": "100"}, "missing_lines": [], "excluded_lines": [], "start_line": 1}}}, "core\\mixer.py": {"executed_lines": [4, 7, 15, 16, 17, 18, 19, 27, 30, 32, 33, 34], "summary": {"covered_lines": 12, "num_statements": 12, "percent_covered": 100.0, "percent_covered_display": "100", "missing_lines": 0, "excluded_lines": 0, "percent_statements_covered": 100.0, "percent_statements_covered_display": "100"}, "missing_lines": [], "excluded_lines": [], "functions": {"mix_keywords_locations": {"executed_lines": [15, 16, 17, 18, 19, 27], "summary": {"covered_lines": 6, "num_statements": 6, "percent_covered": 100.0, "percent_covered_display": "100", "missing_lines": 0, "excluded_lines": 0, "percent_statements_covered": 100.0, "percent_statements_covered_display": "100"}, "missing_lines": [], "excluded_lines": [], "start_line": 7}, "get_summary": {"executed_lines": [32, 33, 34], "summary": {"covered_lines": 3, "num_statements": 3, "percent_covered": 100.0, "percent_covered_display": "100", "missing_lines": 0, "excluded_lines": 0, "percent_statements_covered": 100.0, "percent_statements_covered_display": "100"}, "missing_lines": [], "excluded_lines": [], "start_line": 30}, "": {"executed_lines": [4, 7, 30], "summary": {"covered_lines": 3, "num_statements": 3, "percent_covered": 100.0, "percent_covered_display": "100", "missing_lines": 0, "excluded_lines": 0, "percent_statements_covered": 100.0, "percent_statements_covered_display": "100"}, "missing_lines": [], "excluded_lines": [], "start_line": 1}}, "classes": {"": {"executed_lines": [4, 7, 15, 16, 17, 18, 19, 27, 30, 32, 33, 34], "summary": {"covered_lines": 12, "num_statements": 12, "percent_covered": 100.0, "percent_covered_display": "100", "missing_lines": 0, "excluded_lines": 0, "percent_statements_covered": 100.0, "percent_statements_covered_display": "100"}, "missing_lines": [], "excluded_lines": [], "start_line": 1}}}, "core\\output_builder.py": {"executed_lines": [4, 5, 6, 7, 9, 10, 11, 12, 15, 18, 20, 21, 24, 25, 26, 27, 28, 31, 32, 33, 34, 35, 38, 51, 52, 53, 55, 56, 58, 59, 62, 64, 65, 66, 67, 68, 69, 70], "summary": {"covered_lines": 38, "num_statements": 38, "percent_covered": 100.0, "percent_covered_display": "100", "missing_lines": 0, "excluded_lines": 0, "percent_statements_covered": 100.0, "percent_statements_covered_display": "100"}, "missing_lines": [], "excluded_lines": [], "functions": {"setup_output_dir": {"executed_lines": [20, 21, 24, 25, 26, 27, 28, 31, 32, 33, 34, 35, 38, 51, 52, 53, 55, 56, 58, 59], "summary": {"covered_lines": 20, "num_statements": 20, "percent_covered": 100.0, "percent_covered_display": "100", "missing_lines": 0, "excluded_lines": 0, "percent_statements_covered": 100.0, "percent_statements_covered_display": "100"}, "missing_lines": [], "excluded_lines": [], "start_line": 18}, "generate_fallback_index": {"executed_lines": [64, 65, 66, 67, 68, 69, 70], "summary": {"covered_lines": 7, "num_statements": 7, "percent_covered": 100.0, "percent_covered_display": "100", "missing_lines": 0, "excluded_lines": 0, "percent_statements_covered": 100.0, "percent_statements_covered_display": "100"}, "missing_lines": [], "excluded_lines": [], "start_line": 62}, "": {"executed_lines": [4, 5, 6, 7, 9, 10, 11, 12, 15, 18, 62], "summary": {"covered_lines": 11, "num_statements": 11, "percent_covered": 100.0, "percent_covered_display": "100", "missing_lines": 0, "excluded_lines": 0, "percent_statements_covered": 100.0, "percent_statements_covered_display": "100"}, "missing_lines": [], "excluded_lines": [], "start_line": 1}}, "classes": {"": {"executed_lines": [4, 5, 6, 7, 9, 10, 11, 12, 15, 18, 20, 21, 24, 25, 26, 27, 28, 31, 32, 33, 34, 35, 38, 51, 52, 53, 55, 56, 58, 59, 62, 64, 65, 66, 67, 68, 69, 70], "summary": {"covered_lines": 38, "num_statements": 38, "percent_covered": 100.0, "percent_covered_display": "100", "missing_lines": 0, "excluded_lines": 0, "percent_statements_covered": 100.0, "percent_statements_covered_display": "100"}, "missing_lines": [], "excluded_lines": [], "start_line": 1}}}, "core\\page_generator.py": {"executed_lines": [4, 5, 6, 7, 8, 9, 10, 11, 12, 13, 14, 15, 16, 17, 18, 19, 23, 24, 27, 32, 34, 35, 43, 46, 135, 140, 141, 142, 145, 146, 147, 152, 153, 155, 157, 158, 159, 230, 231, 232, 235, 238, 241, 242, 245, 246, 249, 250, 253, 254, 255, 256, 258, 259, 260, 261, 262, 263, 264, 267, 268, 269, 270, 271, 272, 275, 278, 280, 282, 283, 284, 285, 295, 296, 297, 298, 299, 300, 309, 316, 317, 319, 320, 322, 323, 325, 328, 333, 334, 336, 338, 339, 340, 341, 342, 343, 345, 347, 348, 350, 353, 359, 360, 361, 362, 363, 366, 392, 393, 394, 395, 396, 397, 407, 426, 431, 432, 437, 441, 444, 451, 456, 457, 459, 460, 461, 464, 465, 466, 467, 469], "summary": {"covered_lines": 131, "num_statements": 188, "percent_covered": 69.68085106382979, "percent_covered_display": "70", "missing_lines": 57, "excluded_lines": 0, "percent_statements_covered": 69.68085106382979, "percent_statements_covered_display": "70"}, "missing_lines": [29, 67, 70, 71, 74, 75, 78, 81, 82, 83, 84, 85, 86, 88, 89, 90, 92, 93, 94, 96, 98, 99, 100, 102, 103, 104, 107, 108, 109, 110, 111, 112, 113, 114, 115, 117, 119, 120, 123, 124, 125, 127, 129, 130, 131, 132, 288, 289, 290, 292, 293, 302, 305, 446, 447, 448, 462], "excluded_lines": [], "functions": {"get_retry_log": {"executed_lines": [], "summary": {"covered_lines": 0, "num_statements": 1, "percent_covered": 0.0, "percent_covered_display": "0", "missing_lines": 1, "excluded_lines": 0, "percent_statements_covered": 0.0, "percent_statements_covered_display": "0"}, "missing_lines": [29], "excluded_lines": [], "start_line": 27}, "_track_retry": {"executed_lines": [34, 35], "summary": {"covered_lines": 2, "num_statements": 2, "percent_covered": 100.0, "percent_covered_display": "100", "missing_lines": 0, "excluded_lines": 0, "percent_statements_covered": 100.0, "percent_statements_covered_display": "100"}, "missing_lines": [], "excluded_lines": [], "start_line": 32}, "generate_all_pages": {"executed_lines": [], "summary": {"covered_lines": 0, "num_statements": 34, "percent_covered": 0.0, "percent_covered_display": "0", "missing_lines": 34, "excluded_lines": 0, "percent_statements_covered": 0.0, "percent_statements_covered_display": "0"}, "missing_lines": [67, 70, 71, 74, 75, 78, 81, 82, 83, 84, 85, 86, 88, 89, 90, 92, 93, 94, 96, 98, 99, 100, 102, 117, 119, 120, 123, 124, 125, 127, 129, 130, 131, 132], "excluded_lines": [], "start_line": 46}, "generate_all_pages.process_page": {"executed_lines": [], "summary": {"covered_lines": 0, "num_statements": 11, "percent_covered": 0.0, "percent_covered_display": "0", "missing_lines": 11, "excluded_lines": 0, "percent_statements_covered": 0.0, "percent_statements_covered_display": "0"}, "missing_lines": [103, 104, 107, 108, 109, 110, 111, 112, 113, 114, 115], "excluded_lines": [], "start_line": 102}, "_generate_single_page": {"executed_lines": [140, 141, 142, 145, 146, 147, 152, 153, 155, 157, 158, 159, 230, 231, 232, 235, 238, 241, 242, 245, 246, 249, 250, 253, 254, 255, 256, 258, 259, 260, 261, 262, 263, 264, 267, 268, 269, 270, 271, 272, 275, 278, 280, 282, 283, 284, 285, 295, 296, 297, 298, 299, 300], "summary": {"covered_lines": 53, "num_statements": 60, "percent_covered": 88.33333333333333, "percent_covered_display": "88", "missing_lines": 7, "excluded_lines": 0, "percent_statements_covered": 88.33333333333333, "percent_statements_covered_display": "88"}, "missing_lines": [288, 289, 290, 292, 293, 302, 305], "excluded_lines": [], "start_line": 135}, "_flatten_json": {"executed_lines": [316, 317, 319, 320, 322, 323, 325, 328, 333, 334, 336, 338, 339, 340, 341, 342, 343, 345, 347, 348, 350], "summary": {"covered_lines": 21, "num_statements": 21, "percent_covered": 100.0, "percent_covered_display": "100", "missing_lines": 0, "excluded_lines": 0, "percent_statements_covered": 100.0, "percent_statements_covered_display": "100"}, "missing_lines": [], "excluded_lines": [], "start_line": 309}, "_build_schema_markup": {"executed_lines": [359, 360, 361, 362, 363, 366, 392, 393, 394, 395, 396, 397, 407, 426, 431, 432, 437, 441], "summary": {"covered_lines": 18, "num_statements": 18, "percent_covered": 100.0, "percent_covered_display": "100", "missing_lines": 0, "excluded_lines": 0, "percent_statements_covered": 100.0, "percent_statements_covered_display": "100"}, "missing_lines": [], "excluded_lines": [], "start_line": 353}, "_log_error": {"executed_lines": [], "summary": {"covered_lines": 0, "num_statements": 3, "percent_covered": 0.0, "percent_covered_display": "0", "missing_lines": 3, "excluded_lines": 0, "percent_statements_covered": 0.0, "percent_statements_covered_display": "0"}, "missing_lines": [446, 447, 448], "excluded_lines": [], "start_line": 444}, "_ensure_internal_links": {"executed_lines": [456, 457, 459, 460, 461, 464, 465, 466, 467, 469], "summary": {"covered_lines": 10, "num_statements": 11, "percent_covered": 90.9090909090909, "percent_covered_display": "91", "missing_lines": 1, "excluded_lines": 0, "percent_statements_covered": 90.9090909090909, "percent_statements_covered_display": "91"}, "missing_lines": [462], "excluded_lines": [], "start_line": 451}, "": {"executed_lines": [4, 5, 6, 7, 8, 9, 10, 11, 12, 13, 14, 15, 16, 17, 18, 19, 23, 24, 27, 32, 43, 46, 135, 309, 353, 444, 451], "summary": {"covered_lines": 27, "num_statements": 27, "percent_covered": 100.0, "percent_covered_display": "100", "missing_lines": 0, "excluded_lines": 0, "percent_statements_covered": 100.0, "percent_statements_covered_display": "100"}, "missing_lines": [], "excluded_lines": [], "start_line": 1}}, "classes": {"": {"executed_lines": [4, 5, 6, 7, 8, 9, 10, 11, 12, 13, 14, 15, 16, 17, 18, 19, 23, 24, 27, 32, 34, 35, 43, 46, 135, 140, 141, 142, 145, 146, 147, 152, 153, 155, 157, 158, 159, 230, 231, 232, 235, 238, 241, 242, 245, 246, 249, 250, 253, 254, 255, 256, 258, 259, 260, 261, 262, 263, 264, 267, 268, 269, 270, 271, 272, 275, 278, 280, 282, 283, 284, 285, 295, 296, 297, 298, 299, 300, 309, 316, 317, 319, 320, 322, 323, 325, 328, 333, 334, 336, 338, 339, 340, 341, 342, 343, 345, 347, 348, 350, 353, 359, 360, 361, 362, 363, 366, 392, 393, 394, 395, 396, 397, 407, 426, 431, 432, 437, 441, 444, 451, 456, 457, 459, 460, 461, 464, 465, 466, 467, 469], "summary": {"covered_lines": 131, "num_statements": 188, "percent_covered": 69.68085106382979, "percent_covered_display": "70", "missing_lines": 57, "excluded_lines": 0, "percent_statements_covered": 69.68085106382979, "percent_statements_covered_display": "70"}, "missing_lines": [29, 67, 70, 71, 74, 75, 78, 81, 82, 83, 84, 85, 86, 88, 89, 90, 92, 93, 94, 96, 98, 99, 100, 102, 103, 104, 107, 108, 109, 110, 111, 112, 113, 114, 115, 117, 119, 120, 123, 124, 125, 127, 129, 130, 131, 132, 288, 289, 290, 292, 293, 302, 305, 446, 447, 448, 462], "excluded_lines": [], "start_line": 1}}}, "core\\site_data_builder.py": {"executed_lines": [9, 10, 11, 12, 13, 14, 15, 16, 17, 20, 26, 34, 74, 256, 329, 335, 336, 337, 338, 341, 342, 344, 350, 355, 357, 358, 359, 360, 361, 362, 363, 366, 368, 369, 370, 386, 387, 389, 392, 394, 395, 396, 397, 398, 399, 405, 406, 408, 413, 416, 418, 433, 434, 435, 436], "summary": {"covered_lines": 55, "num_statements": 110, "percent_covered": 50.0, "percent_covered_display": "50", "missing_lines": 55, "excluded_lines": 0, "percent_statements_covered": 50.0, "percent_statements_covered_display": "50"}, "missing_lines": [43, 44, 45, 46, 49, 50, 51, 52, 59, 60, 61, 62, 63, 66, 67, 68, 70, 71, 85, 86, 87, 89, 90, 92, 93, 94, 97, 98, 100, 101, 102, 105, 106, 107, 108, 111, 236, 237, 238, 240, 241, 242, 244, 247, 248, 249, 251, 253, 258, 259, 260, 261, 264, 269, 326], "excluded_lines": [], "functions": {"resolve_theme_mode": {"executed_lines": [], "summary": {"covered_lines": 0, "num_statements": 18, "percent_covered": 0.0, "percent_covered_display": "0", "missing_lines": 18, "excluded_lines": 0, "percent_statements_covered": 0.0, "percent_statements_covered_display": "0"}, "missing_lines": [43, 44, 45, 46, 49, 50, 51, 52, 59, 60, 61, 62, 63, 66, 67, 68, 70, 71], "excluded_lines": [], "start_line": 34}, "build_site_data": {"executed_lines": [], "summary": {"covered_lines": 0, "num_statements": 30, "percent_covered": 0.0, "percent_covered_display": "0", "missing_lines": 30, "excluded_lines": 0, "percent_statements_covered": 0.0, "percent_statements_covered_display": "0"}, "missing_lines": [85, 86, 87, 89, 90, 92, 93, 94, 97, 98, 100, 101, 102, 105, 106, 107, 108, 111, 236, 237, 238, 240, 241, 242, 244, 247, 248, 249, 251, 253], "excluded_lines": [], "start_line": 74}, "_generate_home_content": {"executed_lines": [], "summary": {"covered_lines": 0, "num_statements": 7, "percent_covered": 0.0, "percent_covered_display": "0", "missing_lines": 7, "excluded_lines": 0, "percent_statements_covered": 0.0, "percent_statements_covered_display": "0"}, "missing_lines": [258, 259, 260, 261, 264, 269, 326], "excluded_lines": [], "start_line": 256}, "_build_services": {"executed_lines": [335, 336, 337, 338, 341, 342, 344, 350], "summary": {"covered_lines": 8, "num_statements": 8, "percent_covered": 100.0, "percent_covered_display": "100", "missing_lines": 0, "excluded_lines": 0, "percent_statements_covered": 100.0, "percent_statements_covered_display": "100"}, "missing_lines": [], "excluded_lines": [], "start_line": 329}, "_build_faqs": {"executed_lines": [357, 358, 359, 360, 361, 362, 363], "summary": {"covered_lines": 7, "num_statements": 7, "percent_covered": 100.0, "percent_covered_display": "100", "missing_lines": 0, "excluded_lines": 0, "percent_statements_covered": 100.0, "percent_statements_covered_display": "100"}, "missing_lines": [], "excluded_lines": [], "start_line": 355}, "_build_local_business_schema": {"executed_lines": [368, 369, 370, 386, 387, 389], "summary": {"covered_lines": 6, "num_statements": 6, "percent_covered": 100.0, "percent_covered_display": "100", "missing_lines": 0, "excluded_lines": 0, "percent_statements_covered": 100.0, "percent_statements_covered_display": "100"}, "missing_lines": [], "excluded_lines": [], "start_line": 366}, "_build_faq_schema": {"executed_lines": [394, 395, 396, 397, 398, 399, 405, 406, 408, 413], "summary": {"covered_lines": 10, "num_statements": 10, "percent_covered": 100.0, "percent_covered_display": "100", "missing_lines": 0, "excluded_lines": 0, "percent_statements_covered": 100.0, "percent_statements_covered_display": "100"}, "missing_lines": [], "excluded_lines": [], "start_line": 392}, "_fallback_content": {"executed_lines": [418, 433, 434, 435, 436], "summary": {"covered_lines": 5, "num_statements": 5, "percent_covered": 100.0, "percent_covered_display": "100", "missing_lines": 0, "excluded_lines": 0, "percent_statements_covered": 100.0, "percent_statements_covered_display": "100"}, "missing_lines": [], "excluded_lines": [], "start_line": 416}, "": {"executed_lines": [9, 10, 11, 12, 13, 14, 15, 16, 17, 20, 26, 34, 74, 256, 329, 355, 366, 392, 416], "summary": {"covered_lines": 19, "num_statements": 19, "percent_covered": 100.0, "percent_covered_display": "100", "missing_lines": 0, "excluded_lines": 0, "percent_statements_covered": 100.0, "percent_statements_covered_display": "100"}, "missing_lines": [], "excluded_lines": [], "start_line": 1}}, "classes": {"": {"executed_lines": [9, 10, 11, 12, 13, 14, 15, 16, 17, 20, 26, 34, 74, 256, 329, 335, 336, 337, 338, 341, 342, 344, 350, 355, 357, 358, 359, 360, 361, 362, 363, 366, 368, 369, 370, 386, 387, 389, 392, 394, 395, 396, 397, 398, 399, 405, 406, 408, 413, 416, 418, 433, 434, 435, 436], "summary": {"covered_lines": 55, "num_statements": 110, "percent_covered": 50.0, "percent_covered_display": "50", "missing_lines": 55, "excluded_lines": 0, "percent_statements_covered": 50.0, "percent_statements_covered_display": "50"}, "missing_lines": [43, 44, 45, 46, 49, 50, 51, 52, 59, 60, 61, 62, 63, 66, 67, 68, 70, 71, 85, 86, 87, 89, 90, 92, 93, 94, 97, 98, 100, 101, 102, 105, 106, 107, 108, 111, 236, 237, 238, 240, 241, 242, 244, 247, 248, 249, 251, 253, 258, 259, 260, 261, 264, 269, 326], "excluded_lines": [], "start_line": 1}}}, "core\\sitemap_generator.py": {"executed_lines": [4, 5, 6, 7, 10, 12, 13, 15, 16, 19, 21, 23, 38, 39, 46, 51, 52, 53, 55, 58, 60, 61, 63, 68, 110, 111, 112, 114], "summary": {"covered_lines": 28, "num_statements": 28, "percent_covered": 100.0, "percent_covered_display": "100", "missing_lines": 0, "excluded_lines": 0, "percent_statements_covered": 100.0, "percent_statements_covered_display": "100"}, "missing_lines": [], "excluded_lines": [], "functions": {"generate_sitemap": {"executed_lines": [12, 13, 15, 16], "summary": {"covered_lines": 4, "num_statements": 4, "percent_covered": 100.0, "percent_covered_display": "100", "missing_lines": 0, "excluded_lines": 0, "percent_statements_covered": 100.0, "percent_statements_covered_display": "100"}, "missing_lines": [], "excluded_lines": [], "start_line": 10}, "_generate_sitemap_xml": {"executed_lines": [21, 23, 38, 39, 46, 51, 52, 53, 55], "summary": {"covered_lines": 9, "num_statements": 9, "percent_covered": 100.0, "percent_covered_display": "100", "missing_lines": 0, "excluded_lines": 0, "percent_statements_covered": 100.0, "percent_statements_covered_display": "100"}, "missing_lines": [], "excluded_lines": [], "start_line": 19}, "_generate_sitemap_html": {"executed_lines": [60, 61, 63, 68, 110, 111, 112, 114], "summary": {"covered_lines": 8, "num_statements": 8, "percent_covered": 100.0, "percent_covered_display": "100", "missing_lines": 0, "excluded_lines": 0, "percent_statements_covered": 100.0, "percent_statements_covered_display": "100"}, "missing_lines": [], "excluded_lines": [], "start_line": 58}, "": {"executed_lines": [4, 5, 6, 7, 10, 19, 58], "summary": {"covered_lines": 7, "num_statements": 7, "percent_covered": 100.0, "percent_covered_display": "100", "missing_lines": 0, "excluded_lines": 0, "percent_statements_covered": 100.0, "percent_statements_covered_display": "100"}, "missing_lines": [], "excluded_lines": [], "start_line": 1}}, "classes": {"": {"executed_lines": [4, 5, 6, 7, 10, 12, 13, 15, 16, 19, 21, 23, 38, 39, 46, 51, 52, 53, 55, 58, 60, 61, 63, 68, 110, 111, 112, 114], "summary": {"covered_lines": 28, "num_statements": 28, "percent_covered": 100.0, "percent_covered_display": "100", "missing_lines": 0, "excluded_lines": 0, "percent_statements_covered": 100.0, "percent_statements_covered_display": "100"}, "missing_lines": [], "excluded_lines": [], "start_line": 1}}}, "core\\template_renderer.py": {"executed_lines": [7, 8, 9, 12, 31, 32, 34, 35, 37, 38, 42, 43, 44, 49, 53, 54, 59, 81, 82, 84], "summary": {"covered_lines": 20, "num_statements": 20, "percent_covered": 100.0, "percent_covered_display": "100", "missing_lines": 0, "excluded_lines": 0, "percent_statements_covered": 100.0, "percent_statements_covered_display": "100"}, "missing_lines": [], "excluded_lines": [], "functions": {"replace_config_vars": {"executed_lines": [31, 32, 34, 35, 37, 38, 42, 43, 44, 49, 53, 54, 59, 81, 82, 84], "summary": {"covered_lines": 16, "num_statements": 16, "percent_covered": 100.0, "percent_covered_display": "100", "missing_lines": 0, "excluded_lines": 0, "percent_statements_covered": 100.0, "percent_statements_covered_display": "100"}, "missing_lines": [], "excluded_lines": [], "start_line": 12}, "": {"executed_lines": [7, 8, 9, 12], "summary": {"covered_lines": 4, "num_statements": 4, "percent_covered": 100.0, "percent_covered_display": "100", "missing_lines": 0, "excluded_lines": 0, "percent_statements_covered": 100.0, "percent_statements_covered_display": "100"}, "missing_lines": [], "excluded_lines": [], "start_line": 1}}, "classes": {"": {"executed_lines": [7, 8, 9, 12, 31, 32, 34, 35, 37, 38, 42, 43, 44, 49, 53, 54, 59, 81, 82, 84], "summary": {"covered_lines": 20, "num_statements": 20, "percent_covered": 100.0, "percent_covered_display": "100", "missing_lines": 0, "excluded_lines": 0, "percent_statements_covered": 100.0, "percent_statements_covered_display": "100"}, "missing_lines": [], "excluded_lines": [], "start_line": 1}}}, "core\\topic_generator.py": {"executed_lines": [4, 5, 6, 7, 8, 9, 10, 11, 14, 17, 71, 73, 74, 75, 77, 78, 79, 80, 81, 82, 83, 85, 88, 90, 91, 94, 96, 113], "summary": {"covered_lines": 28, "num_statements": 59, "percent_covered": 47.45762711864407, "percent_covered_display": "47", "missing_lines": 31, "excluded_lines": 0, "percent_statements_covered": 47.45762711864407, "percent_statements_covered_display": "47"}, "missing_lines": [25, 26, 29, 30, 31, 32, 33, 35, 37, 39, 56, 58, 59, 60, 63, 64, 65, 67, 68, 115, 116, 117, 119, 120, 122, 133, 134, 135, 136, 137, 138], "excluded_lines": [], "functions": {"generate_topics": {"executed_lines": [], "summary": {"covered_lines": 0, "num_statements": 19, "percent_covered": 0.0, "percent_covered_display": "0", "missing_lines": 19, "excluded_lines": 0, "percent_statements_covered": 0.0, "percent_statements_covered_display": "0"}, "missing_lines": [25, 26, 29, 30, 31, 32, 33, 35, 37, 39, 56, 58, 59, 60, 63, 64, 65, 67, 68], "excluded_lines": [], "start_line": 17}, "get_random_mix": {"executed_lines": [73, 74, 75, 77, 78, 79, 80, 81, 82, 83, 85], "summary": {"covered_lines": 11, "num_statements": 11, "percent_covered": 100.0, "percent_covered_display": "100", "missing_lines": 0, "excluded_lines": 0, "percent_statements_covered": 100.0, "percent_statements_covered_display": "100"}, "missing_lines": [], "excluded_lines": [], "start_line": 71}, "_safe_filename": {"executed_lines": [90, 91], "summary": {"covered_lines": 2, "num_statements": 2, "percent_covered": 100.0, "percent_covered_display": "100", "missing_lines": 0, "excluded_lines": 0, "percent_statements_covered": 100.0, "percent_statements_covered_display": "100"}, "missing_lines": [], "excluded_lines": [], "start_line": 88}, "_fallback_topics": {"executed_lines": [96], "summary": {"covered_lines": 1, "num_statements": 1, "percent_covered": 100.0, "percent_covered_display": "100", "missing_lines": 0, "excluded_lines": 0, "percent_statements_covered": 100.0, "percent_statements_covered_display": "100"}, "missing_lines": [], "excluded_lines": [], "start_line": 94}, "generate_services_data": {"executed_lines": [], "summary": {"covered_lines": 0, "num_statements": 12, "percent_covered": 0.0, "percent_covered_display": "0", "missing_lines": 12, "excluded_lines": 0, "percent_statements_covered": 0.0, "percent_statements_covered_display": "0"}, "missing_lines": [115, 116, 117, 119, 120, 122, 133, 134, 135, 136, 137, 138], "excluded_lines": [], "start_line": 113}, "": {"executed_lines": [4, 5, 6, 7, 8, 9, 10, 11, 14, 17, 71, 88, 94, 113], "summary": {"covered_lines": 14, "num_statements": 14, "percent_covered": 100.0, "percent_covered_display": "100", "missing_lines": 0, "excluded_lines": 0, "percent_statements_covered": 100.0, "percent_statements_covered_display": "100"}, "missing_lines": [], "excluded_lines": [], "start_line": 1}}, "classes": {"": {"executed_lines": [4, 5, 6, 7, 8, 9, 10, 11, 14, 17, 71, 73, 74, 75, 77, 78, 79, 80, 81, 82, 83, 85, 88, 90, 91, 94, 96, 113], "summary": {"covered_lines": 28, "num_statements": 59, "percent_covered": 47.45762711864407, "percent_covered_display": "47", "missing_lines": 31, "excluded_lines": 0, "percent_statements_covered": 47.45762711864407, "percent_statements_covered_display": "47"}, "missing_lines": [25, 26, 29, 30, 31, 32, 33, 35, 37, 39, 56, 58, 59, 60, 63, 64, 65, 67, 68, 115, 116, 117, 119, 120, 122, 133, 134, 135, 136, 137, 138], "excluded_lines": [], "start_line": 1}}}, "core\\utils.py": {"executed_lines": [4, 5, 8, 10, 11, 12, 13, 14, 15, 18, 20, 21, 24, 26, 27, 28, 29, 30], "summary": {"covered_lines": 18, "num_statements": 18, "percent_covered": 100.0, "percent_covered_display": "100", "missing_lines": 0, "excluded_lines": 0, "percent_statements_covered": 100.0, "percent_statements_covered_display": "100"}, "missing_lines": [], "excluded_lines": [], "functions": {"slugify": {"executed_lines": [10, 11, 12, 13, 14, 15], "summary": {"covered_lines": 6, "num_statements": 6, "percent_covered": 100.0, "percent_covered_display": "100", "missing_lines": 0, "excluded_lines": 0, "percent_statements_covered": 100.0, "percent_statements_covered_display": "100"}, "missing_lines": [], "excluded_lines": [], "start_line": 8}, "hex_to_rgb": {"executed_lines": [20, 21], "summary": {"covered_lines": 2, "num_statements": 2, "percent_covered": 100.0, "percent_covered_display": "100", "missing_lines": 0, "excluded_lines": 0, "percent_statements_covered": 100.0, "percent_statements_covered_display": "100"}, "missing_lines": [], "excluded_lines": [], "start_line": 18}, "adjust_color": {"executed_lines": [26, 27, 28, 29, 30], "summary": {"covered_lines": 5, "num_statements": 5, "percent_covered": 100.0, "percent_covered_display": "100", "missing_lines": 0, "excluded_lines": 0, "percent_statements_covered": 100.0, "percent_statements_covered_display": "100"}, "missing_lines": [], "excluded_lines": [], "start_line": 24}, "": {"executed_lines": [4, 5, 8, 18, 24], "summary": {"covered_lines": 5, "num_statements": 5, "percent_covered": 100.0, "percent_covered_display": "100", "missing_lines": 0, "excluded_lines": 0, "percent_statements_covered": 100.0, "percent_statements_covered_display": "100"}, "missing_lines": [], "excluded_lines": [], "start_line": 1}}, "classes": {"": {"executed_lines": [4, 5, 8, 10, 11, 12, 13, 14, 15, 18, 20, 21, 24, 26, 27, 28, 29, 30], "summary": {"covered_lines": 18, "num_statements": 18, "percent_covered": 100.0, "percent_covered_display": "100", "missing_lines": 0, "excluded_lines": 0, "percent_statements_covered": 100.0, "percent_statements_covered_display": "100"}, "missing_lines": [], "excluded_lines": [], "start_line": 1}}}, "core\\validator.py": {"executed_lines": [4, 5, 6, 7, 8, 13, 26, 29, 41, 46, 47, 48, 51, 52, 53, 58, 59, 60, 65, 66, 67, 72, 73, 74, 75, 77, 78, 84, 85, 87, 88, 89, 91, 92, 93, 96, 97, 99, 102, 109, 117, 118, 120, 122, 123, 124, 125, 127, 129, 130, 131, 132, 133, 135, 137, 139, 148, 151, 153, 156, 157, 158, 159, 160, 163, 164, 165, 166, 167, 170, 171, 172, 175, 176, 177, 180, 181, 182, 186, 187, 191, 192, 193, 198, 199, 200, 201, 203, 204, 207, 208, 209, 211, 214, 216, 217, 219, 243, 244, 245, 246, 248, 249, 250, 251, 252, 255, 256, 258, 259, 260, 261, 262, 263, 266, 268, 269, 270, 271, 272, 273, 274, 278, 280, 281, 282, 284, 287, 288, 289, 290, 291, 293, 294], "summary": {"covered_lines": 134, "num_statements": 137, "percent_covered": 97.81021897810218, "percent_covered_display": "98", "missing_lines": 3, "excluded_lines": 0, "percent_statements_covered": 97.81021897810218, "percent_statements_covered_display": "98"}, "missing_lines": [253, 276, 277], "excluded_lines": [], "functions": {"validate_page_html": {"executed_lines": [41, 46, 47, 48, 51, 52, 53, 58, 59, 60, 65, 66, 67, 72, 73, 74, 75, 77, 78, 84, 85, 87, 88, 89, 91, 92, 93, 96, 97, 99], "summary": {"covered_lines": 30, "num_statements": 30, "percent_covered": 100.0, "percent_covered_display": "100", "missing_lines": 0, "excluded_lines": 0, "percent_statements_covered": 100.0, "percent_statements_covered_display": "100"}, "missing_lines": [], "excluded_lines": [], "start_line": 29}, "validate_site": {"executed_lines": [109, 117, 118, 120, 122, 123, 124, 125, 127, 129, 130, 131, 132, 133, 135, 137, 139, 148], "summary": {"covered_lines": 18, "num_statements": 18, "percent_covered": 100.0, "percent_covered_display": "100", "missing_lines": 0, "excluded_lines": 0, "percent_statements_covered": 100.0, "percent_statements_covered_display": "100"}, "missing_lines": [], "excluded_lines": [], "start_line": 102}, "_validate_page": {"executed_lines": [153, 156, 157, 158, 159, 160, 163, 164, 165, 166, 167, 170, 171, 172, 175, 176, 177, 180, 181, 182, 186, 187, 191, 192, 193, 198, 199, 200, 201, 203, 204, 207, 208, 209, 211], "summary": {"covered_lines": 35, "num_statements": 35, "percent_covered": 100.0, "percent_covered_display": "100", "missing_lines": 0, "excluded_lines": 0, "percent_statements_covered": 100.0, "percent_statements_covered_display": "100"}, "missing_lines": [], "excluded_lines": [], "start_line": 151}, "generate_report": {"executed_lines": [216, 217, 219, 243, 244, 245, 246, 248, 249, 250, 251, 252, 255, 256, 258, 259, 260, 261, 262, 263, 266, 268, 269, 270, 271, 272, 273, 274, 278, 280, 281, 282, 284, 287, 288, 289, 290, 291, 293, 294], "summary": {"covered_lines": 40, "num_statements": 43, "percent_covered": 93.02325581395348, "percent_covered_display": "93", "missing_lines": 3, "excluded_lines": 0, "percent_statements_covered": 93.02325581395348, "percent_statements_covered_display": "93"}, "missing_lines": [253, 276, 277], "excluded_lines": [], "start_line": 214}, "": {"executed_lines": [4, 5, 6, 7, 8, 13, 26, 29, 102, 151, 214], "summary": {"covered_lines": 11, "num_statements": 11, "percent_covered": 100.0, "percent_covered_display": "100", "missing_lines": 0, "excluded_lines": 0, "percent_statements_covered": 100.0, "percent_statements_covered_display": "100"}, "missing_lines": [], "excluded_lines": [], "start_line": 1}}, "classes": {"": {"executed_lines": [4, 5, 6, 7, 8, 13, 26, 29, 41, 46, 47, 48, 51, 52, 53, 58, 59, 60, 65, 66, 67, 72, 73, 74, 75, 77, 78, 84, 85, 87, 88, 89, 91, 92, 93, 96, 97, 99, 102, 109, 117, 118, 120, 122, 123, 124, 125, 127, 129, 130, 131, 132, 133, 135, 137, 139, 148, 151, 153, 156, 157, 158, 159, 160, 163, 164, 165, 166, 167, 170, 171, 172, 175, 176, 177, 180, 181, 182, 186, 187, 191, 192, 193, 198, 199, 200, 201, 203, 204, 207, 208, 209, 211, 214, 216, 217, 219, 243, 244, 245, 246, 248, 249, 250, 251, 252, 255, 256, 258, 259, 260, 261, 262, 263, 266, 268, 269, 270, 271, 272, 273, 274, 278, 280, 281, 282, 284, 287, 288, 289, 290, 291, 293, 294], "summary": {"covered_lines": 134, "num_statements": 137, "percent_covered": 97.81021897810218, "percent_covered_display": "98", "missing_lines": 3, "excluded_lines": 0, "percent_statements_covered": 97.81021897810218, "percent_statements_covered_display": "98"}, "missing_lines": [253, 276, 277], "excluded_lines": [], "start_line": 1}}}}, "totals": {"covered_lines": 569, "num_statements": 720, "percent_covered": 79.02777777777777, "percent_covered_display": "79", "missing_lines": 151, "excluded_lines": 0, "percent_statements_covered": 79.02777777777777, "percent_statements_covered_display": "79"}}